<?xml version="1.0" encoding="UTF-8"?>
<!-- Generated by org.testng.reporters.JUnitReportReporter -->
<testsuite hostname="User-pc" name="login.test.ClearMessagesTest" tests="1" failures="0" timestamp="16 Nov 2016 13:24:21 GMT" time="67.616" errors="0">
  <testcase name="deleteInboxMessages" time="67.616" classname="login.test.ClearMessagesTest"/>
</testsuite> <!-- login.test.ClearMessagesTest -->
