<?xml version="1.0" encoding="UTF-8"?>
<!-- Generated by org.testng.reporters.JUnitReportReporter -->
<testsuite hostname="User-pc" name="tests.DeleteOneMessage" tests="1" failures="0" timestamp="8 Dec 2016 08:35:22 GMT" time="45.219" errors="0">
  <testcase name="deleteLastMessage" time="45.219" classname="tests.DeleteOneMessage"/>
</testsuite> <!-- tests.DeleteOneMessage -->
