<?xml version="1.0" encoding="UTF-8"?>
<!-- Generated by org.testng.reporters.JUnitReportReporter -->
<testsuite hostname="bayt-home" name="login.test.TestNG" tests="1" failures="0" timestamp="10 Nov 2016 21:42:13 GMT" time="0.004" errors="1">
  <testcase name="main" time="0.004" classname="login.test.TestNG">
    <error type="org.openqa.selenium.WebDriverException" message="Failed to connect to binary FirefoxBinary(C:\Program Files (x86)\Mozilla Firefox\firefox.exe) on port 7055; process output follows: 
ID&quot;:&quot;fW5PqpUaG507&quot;,&quot;location&quot;:&quot;app-global&quot;,&quot;version&quot;:&quot;49.0.2&quot;,&quot;type&quot;:&quot;theme&quot;,&quot;internalName&quot;:&quot;classic/1.0&quot;,&quot;updateURL&quot;:null,&quot;updateKey&quot;:null,&quot;optionsURL&quot;:null,&quot;optionsType&quot;:null,&quot;aboutURL&quot;:null,&quot;icons&quot;:{&quot;32&quot;:&quot;icon.png&quot;,&quot;48&quot;:&quot;icon.png&quot;},&quot;iconURL&quot;:null,&quot;icon64URL&quot;:null,&quot;defaultLocale&quot;:{&quot;name&quot;:&quot;Default&quot;,&quot;description&quot;:&quot;The default theme.&quot;,&quot;creator&quot;:&quot;Mozilla&quot;,&quot;homepageURL&quot;:null,&quot;contributors&quot;:[&quot;Mozilla Contributors&quot;]},&quot;visible&quot;:true,&quot;active&quot;:true,&quot;userDisabled&quot;:false,&quot;appDisabled&quot;:false,&quot;descriptor&quot;:&quot;C:\\Program Files (x86)\\Mozilla Firefox\\browser\\extensions\\{972ce4c6-7e08-4474-a285-3208198ce6fd}.xpi&quot;,&quot;installDate&quot;:1478473463653,&quot;updateDate&quot;:1478473463653,&quot;applyBackgroundUpdates&quot;:1,&quot;skinnable&quot;:true,&quot;size&quot;:21905,&quot;sourceURI&quot;:null,&quot;releaseNotesURI&quot;:null,&quot;softDisabled&quot;:false,&quot;foreignInstall&quot;:false,&quot;hasBinaryComponents&quot;:false,&quot;strictCompatibility&quot;:true,&quot;locales&quot;:[],&quot;targetApplications&quot;:[{&quot;id&quot;:&quot;{ec8030f7-c20a-464f-9b0e-13a3a9e97384}&quot;,&quot;minVersion&quot;:&quot;49.0.2&quot;,&quot;maxVersion&quot;:&quot;49.0.2&quot;}],&quot;targetPlatforms&quot;:[],&quot;seen&quot;:true}
1478814088317	addons.xpi	DEBUG	getModTime: Recursive scan of {972ce4c6-7e08-4474-a285-3208198ce6fd}
1478814088319	DeferredSave.extensions.json	DEBUG	Save changes
1478814088320	addons.xpi	DEBUG	Updating database with changes to installed add-ons
1478814088320	addons.xpi-utils	DEBUG	Updating add-on states
1478814088321	addons.xpi-utils	DEBUG	Writing add-ons list
1478814088326	addons.xpi	DEBUG	Registering manifest for C:\Program Files (x86)\Mozilla Firefox\browser\features\e10srollout@mozilla.org.xpi
1478814088326	addons.xpi	DEBUG	Calling bootstrap method startup on e10srollout@mozilla.org version 1.3
1478814088327	addons.xpi	DEBUG	Registering manifest for C:\Program Files (x86)\Mozilla Firefox\browser\features\firefox@getpocket.com.xpi
1478814088328	addons.xpi	DEBUG	Calling bootstrap method startup on firefox@getpocket.com version 1.0.4
1478814088329	addons.xpi	DEBUG	Registering manifest for C:\Program Files (x86)\Mozilla Firefox\browser\features\webcompat@mozilla.org.xpi
1478814088330	addons.xpi	DEBUG	Calling bootstrap method startup on webcompat@mozilla.org version 1.0
1478814088332	addons.manager	DEBUG	Registering shutdown blocker for XPIProvider
1478814088333	addons.manager	DEBUG	Provider finished startup: XPIProvider
1478814088333	addons.manager	DEBUG	Starting provider: LightweightThemeManager
1478814088333	addons.manager	DEBUG	Registering shutdown blocker for LightweightThemeManager
1478814088333	addons.manager	DEBUG	Provider finished startup: LightweightThemeManager
1478814088333	addons.manager	DEBUG	Starting provider: GMPProvider
1478814088346	addons.manager	DEBUG	Registering shutdown blocker for GMPProvider
1478814088346	addons.manager	DEBUG	Provider finished startup: GMPProvider
1478814088347	addons.manager	DEBUG	Starting provider: PluginProvider
1478814088347	addons.manager	DEBUG	Registering shutdown blocker for PluginProvider
1478814088347	addons.manager	DEBUG	Provider finished startup: PluginProvider
1478814088348	addons.manager	DEBUG	Completed startup sequence
1478814089844	DeferredSave.extensions.json	DEBUG	Starting write
1478814089855	addons.manager	DEBUG	Starting provider: &lt;unnamed-provider&gt;
1478814089855	addons.manager	DEBUG	Registering shutdown blocker for &lt;unnamed-provider&gt;
1478814089855	addons.manager	DEBUG	Provider finished startup: &lt;unnamed-provider&gt;
1478814090241	addons.repository	DEBUG	No addons.json found.
1478814090242	DeferredSave.addons.json	DEBUG	Save changes
1478814090247	DeferredSave.addons.json	DEBUG	Starting timer
1478814090304	addons.manager	DEBUG	Starting provider: PreviousExperimentProvider
1478814090305	addons.manager	DEBUG	Registering shutdown blocker for PreviousExperimentProvider
1478814090306	addons.manager	DEBUG	Provider finished startup: PreviousExperimentProvider
1478814090311	DeferredSave.extensions.json	DEBUG	Write succeeded
1478814090313	addons.xpi-utils	DEBUG	XPI Database saved, setting schema version preference to 17
1478814090315	DeferredSave.addons.json	DEBUG	Starting write
1478814090381	DeferredSave.addons.json	DEBUG	Write succeeded

Build info: version: &#039;2.53.1&#039;, revision: &#039;a36b8b1cd5757287168e54b817830adce9b0158d&#039;, time: &#039;2016-06-30 19:26:09&#039;
System info: host: &#039;bayt-home&#039;, ip: &#039;192.168.0.108&#039;, os.name: &#039;Windows 10&#039;, os.arch: &#039;amd64&#039;, os.version: &#039;10.0&#039;, java.version: &#039;1.8.0_66&#039;
Driver info: driver.version: FirefoxDriver">
      <![CDATA[org.openqa.selenium.WebDriverException: Failed to connect to binary FirefoxBinary(C:\Program Files (x86)\Mozilla Firefox\firefox.exe) on port 7055; process output follows: 
ID":"fW5PqpUaG507","location":"app-global","version":"49.0.2","type":"theme","internalName":"classic/1.0","updateURL":null,"updateKey":null,"optionsURL":null,"optionsType":null,"aboutURL":null,"icons":{"32":"icon.png","48":"icon.png"},"iconURL":null,"icon64URL":null,"defaultLocale":{"name":"Default","description":"The default theme.","creator":"Mozilla","homepageURL":null,"contributors":["Mozilla Contributors"]},"visible":true,"active":true,"userDisabled":false,"appDisabled":false,"descriptor":"C:\\Program Files (x86)\\Mozilla Firefox\\browser\\extensions\\{972ce4c6-7e08-4474-a285-3208198ce6fd}.xpi","installDate":1478473463653,"updateDate":1478473463653,"applyBackgroundUpdates":1,"skinnable":true,"size":21905,"sourceURI":null,"releaseNotesURI":null,"softDisabled":false,"foreignInstall":false,"hasBinaryComponents":false,"strictCompatibility":true,"locales":[],"targetApplications":[{"id":"{ec8030f7-c20a-464f-9b0e-13a3a9e97384}","minVersion":"49.0.2","maxVersion":"49.0.2"}],"targetPlatforms":[],"seen":true}
1478814088317	addons.xpi	DEBUG	getModTime: Recursive scan of {972ce4c6-7e08-4474-a285-3208198ce6fd}
1478814088319	DeferredSave.extensions.json	DEBUG	Save changes
1478814088320	addons.xpi	DEBUG	Updating database with changes to installed add-ons
1478814088320	addons.xpi-utils	DEBUG	Updating add-on states
1478814088321	addons.xpi-utils	DEBUG	Writing add-ons list
1478814088326	addons.xpi	DEBUG	Registering manifest for C:\Program Files (x86)\Mozilla Firefox\browser\features\e10srollout@mozilla.org.xpi
1478814088326	addons.xpi	DEBUG	Calling bootstrap method startup on e10srollout@mozilla.org version 1.3
1478814088327	addons.xpi	DEBUG	Registering manifest for C:\Program Files (x86)\Mozilla Firefox\browser\features\firefox@getpocket.com.xpi
1478814088328	addons.xpi	DEBUG	Calling bootstrap method startup on firefox@getpocket.com version 1.0.4
1478814088329	addons.xpi	DEBUG	Registering manifest for C:\Program Files (x86)\Mozilla Firefox\browser\features\webcompat@mozilla.org.xpi
1478814088330	addons.xpi	DEBUG	Calling bootstrap method startup on webcompat@mozilla.org version 1.0
1478814088332	addons.manager	DEBUG	Registering shutdown blocker for XPIProvider
1478814088333	addons.manager	DEBUG	Provider finished startup: XPIProvider
1478814088333	addons.manager	DEBUG	Starting provider: LightweightThemeManager
1478814088333	addons.manager	DEBUG	Registering shutdown blocker for LightweightThemeManager
1478814088333	addons.manager	DEBUG	Provider finished startup: LightweightThemeManager
1478814088333	addons.manager	DEBUG	Starting provider: GMPProvider
1478814088346	addons.manager	DEBUG	Registering shutdown blocker for GMPProvider
1478814088346	addons.manager	DEBUG	Provider finished startup: GMPProvider
1478814088347	addons.manager	DEBUG	Starting provider: PluginProvider
1478814088347	addons.manager	DEBUG	Registering shutdown blocker for PluginProvider
1478814088347	addons.manager	DEBUG	Provider finished startup: PluginProvider
1478814088348	addons.manager	DEBUG	Completed startup sequence
1478814089844	DeferredSave.extensions.json	DEBUG	Starting write
1478814089855	addons.manager	DEBUG	Starting provider: <unnamed-provider>
1478814089855	addons.manager	DEBUG	Registering shutdown blocker for <unnamed-provider>
1478814089855	addons.manager	DEBUG	Provider finished startup: <unnamed-provider>
1478814090241	addons.repository	DEBUG	No addons.json found.
1478814090242	DeferredSave.addons.json	DEBUG	Save changes
1478814090247	DeferredSave.addons.json	DEBUG	Starting timer
1478814090304	addons.manager	DEBUG	Starting provider: PreviousExperimentProvider
1478814090305	addons.manager	DEBUG	Registering shutdown blocker for PreviousExperimentProvider
1478814090306	addons.manager	DEBUG	Provider finished startup: PreviousExperimentProvider
1478814090311	DeferredSave.extensions.json	DEBUG	Write succeeded
1478814090313	addons.xpi-utils	DEBUG	XPI Database saved, setting schema version preference to 17
1478814090315	DeferredSave.addons.json	DEBUG	Starting write
1478814090381	DeferredSave.addons.json	DEBUG	Write succeeded

Build info: version: '2.53.1', revision: 'a36b8b1cd5757287168e54b817830adce9b0158d', time: '2016-06-30 19:26:09'
System info: host: 'bayt-home', ip: '192.168.0.108', os.name: 'Windows 10', os.arch: 'amd64', os.version: '10.0', java.version: '1.8.0_66'
Driver info: driver.version: FirefoxDriver
	at org.openqa.selenium.firefox.internal.NewProfileExtensionConnection.start(NewProfileExtensionConnection.java:125)
	at org.openqa.selenium.firefox.FirefoxDriver.startClient(FirefoxDriver.java:271)
	at org.openqa.selenium.remote.RemoteWebDriver.<init>(RemoteWebDriver.java:119)
	at org.openqa.selenium.firefox.FirefoxDriver.<init>(FirefoxDriver.java:216)
	at org.openqa.selenium.firefox.FirefoxDriver.<init>(FirefoxDriver.java:211)
	at org.openqa.selenium.firefox.FirefoxDriver.<init>(FirefoxDriver.java:207)
	at org.openqa.selenium.firefox.FirefoxDriver.<init>(FirefoxDriver.java:120)
	at login.test.TestNG.beforeMethod(TestNG.java:46)
	at sun.reflect.NativeMethodAccessorImpl.invoke0(Native Method)
	at sun.reflect.NativeMethodAccessorImpl.invoke(NativeMethodAccessorImpl.java:62)
	at sun.reflect.DelegatingMethodAccessorImpl.invoke(DelegatingMethodAccessorImpl.java:43)
	at java.lang.reflect.Method.invoke(Method.java:497)
	at org.testng.internal.MethodInvocationHelper.invokeMethod(MethodInvocationHelper.java:86)
	at org.testng.internal.Invoker.invokeConfigurationMethod(Invoker.java:514)
	at org.testng.internal.Invoker.invokeConfigurations(Invoker.java:215)
	at org.testng.internal.Invoker.invokeMethod(Invoker.java:589)
	at org.testng.internal.Invoker.invokeTestMethod(Invoker.java:820)
	at org.testng.internal.Invoker.invokeTestMethods(Invoker.java:1128)
	at org.testng.internal.TestMethodWorker.invokeTestMethods(TestMethodWorker.java:129)
	at org.testng.internal.TestMethodWorker.run(TestMethodWorker.java:112)
	at org.testng.TestRunner.privateRun(TestRunner.java:782)
	at org.testng.TestRunner.run(TestRunner.java:632)
	at org.testng.SuiteRunner.runTest(SuiteRunner.java:366)
	at org.testng.SuiteRunner.runSequentially(SuiteRunner.java:361)
	at org.testng.SuiteRunner.privateRun(SuiteRunner.java:319)
	at org.testng.SuiteRunner.run(SuiteRunner.java:268)
	at org.testng.SuiteRunnerWorker.runSuite(SuiteRunnerWorker.java:52)
	at org.testng.SuiteRunnerWorker.run(SuiteRunnerWorker.java:86)
	at org.testng.TestNG.runSuitesSequentially(TestNG.java:1244)
	at org.testng.TestNG.runSuitesLocally(TestNG.java:1169)
	at org.testng.TestNG.run(TestNG.java:1064)
	at org.testng.remote.AbstractRemoteTestNG.run(AbstractRemoteTestNG.java:132)
	at org.testng.remote.RemoteTestNG.initAndRun(RemoteTestNG.java:236)
	at org.testng.remote.RemoteTestNG.main(RemoteTestNG.java:81)
Caused by: org.openqa.selenium.firefox.NotConnectedException: Unable to connect to host 127.0.0.1 on port 7055 after 45000 ms. Firefox console output:
ID":"fW5PqpUaG507","location":"app-global","version":"49.0.2","type":"theme","internalName":"classic/1.0","updateURL":null,"updateKey":null,"optionsURL":null,"optionsType":null,"aboutURL":null,"icons":{"32":"icon.png","48":"icon.png"},"iconURL":null,"icon64URL":null,"defaultLocale":{"name":"Default","description":"The default theme.","creator":"Mozilla","homepageURL":null,"contributors":["Mozilla Contributors"]},"visible":true,"active":true,"userDisabled":false,"appDisabled":false,"descriptor":"C:\\Program Files (x86)\\Mozilla Firefox\\browser\\extensions\\{972ce4c6-7e08-4474-a285-3208198ce6fd}.xpi","installDate":1478473463653,"updateDate":1478473463653,"applyBackgroundUpdates":1,"skinnable":true,"size":21905,"sourceURI":null,"releaseNotesURI":null,"softDisabled":false,"foreignInstall":false,"hasBinaryComponents":false,"strictCompatibility":true,"locales":[],"targetApplications":[{"id":"{ec8030f7-c20a-464f-9b0e-13a3a9e97384}","minVersion":"49.0.2","maxVersion":"49.0.2"}],"targetPlatforms":[],"seen":true}
1478814088317	addons.xpi	DEBUG	getModTime: Recursive scan of {972ce4c6-7e08-4474-a285-3208198ce6fd}
1478814088319	DeferredSave.extensions.json	DEBUG	Save changes
1478814088320	addons.xpi	DEBUG	Updating database with changes to installed add-ons
1478814088320	addons.xpi-utils	DEBUG	Updating add-on states
1478814088321	addons.xpi-utils	DEBUG	Writing add-ons list
1478814088326	addons.xpi	DEBUG	Registering manifest for C:\Program Files (x86)\Mozilla Firefox\browser\features\e10srollout@mozilla.org.xpi
1478814088326	addons.xpi	DEBUG	Calling bootstrap method startup on e10srollout@mozilla.org version 1.3
1478814088327	addons.xpi	DEBUG	Registering manifest for C:\Program Files (x86)\Mozilla Firefox\browser\features\firefox@getpocket.com.xpi
1478814088328	addons.xpi	DEBUG	Calling bootstrap method startup on firefox@getpocket.com version 1.0.4
1478814088329	addons.xpi	DEBUG	Registering manifest for C:\Program Files (x86)\Mozilla Firefox\browser\features\webcompat@mozilla.org.xpi
1478814088330	addons.xpi	DEBUG	Calling bootstrap method startup on webcompat@mozilla.org version 1.0
1478814088332	addons.manager	DEBUG	Registering shutdown blocker for XPIProvider
1478814088333	addons.manager	DEBUG	Provider finished startup: XPIProvider
1478814088333	addons.manager	DEBUG	Starting provider: LightweightThemeManager
1478814088333	addons.manager	DEBUG	Registering shutdown blocker for LightweightThemeManager
1478814088333	addons.manager	DEBUG	Provider finished startup: LightweightThemeManager
1478814088333	addons.manager	DEBUG	Starting provider: GMPProvider
1478814088346	addons.manager	DEBUG	Registering shutdown blocker for GMPProvider
1478814088346	addons.manager	DEBUG	Provider finished startup: GMPProvider
1478814088347	addons.manager	DEBUG	Starting provider: PluginProvider
1478814088347	addons.manager	DEBUG	Registering shutdown blocker for PluginProvider
1478814088347	addons.manager	DEBUG	Provider finished startup: PluginProvider
1478814088348	addons.manager	DEBUG	Completed startup sequence
1478814089844	DeferredSave.extensions.json	DEBUG	Starting write
1478814089855	addons.manager	DEBUG	Starting provider: <unnamed-provider>
1478814089855	addons.manager	DEBUG	Registering shutdown blocker for <unnamed-provider>
1478814089855	addons.manager	DEBUG	Provider finished startup: <unnamed-provider>
1478814090241	addons.repository	DEBUG	No addons.json found.
1478814090242	DeferredSave.addons.json	DEBUG	Save changes
1478814090247	DeferredSave.addons.json	DEBUG	Starting timer
1478814090304	addons.manager	DEBUG	Starting provider: PreviousExperimentProvider
1478814090305	addons.manager	DEBUG	Registering shutdown blocker for PreviousExperimentProvider
1478814090306	addons.manager	DEBUG	Provider finished startup: PreviousExperimentProvider
1478814090311	DeferredSave.extensions.json	DEBUG	Write succeeded
1478814090313	addons.xpi-utils	DEBUG	XPI Database saved, setting schema version preference to 17
1478814090315	DeferredSave.addons.json	DEBUG	Starting write
1478814090381	DeferredSave.addons.json	DEBUG	Write succeeded

	at org.openqa.selenium.firefox.internal.NewProfileExtensionConnection.start(NewProfileExtensionConnection.java:113)
	... 33 more
]]>
    </error>
  </testcase> <!-- main -->
</testsuite> <!-- login.test.TestNG -->
